<testsuite name="Mocha Tests" tests="1" failures="0" errors="0" skipped="0" timestamp="Tue, 17 Mar 2015 15:29:13 GMT" time="0.003">
<testcase classname="hooks Array #indexOf()" name="should return -1 when the value is not present" time="0"/>
</testsuite>
