<testsuite name="Mocha Tests" tests="1" failures="0" errors="0" skipped="0" timestamp="Tue, 17 Mar 2015 15:38:06 GMT" time="0.004">
<testcase classname="hooks Array #indexOf()" name="should return -1 when the value is not present" time="0"/>
</testsuite>
